<?xml version="1.0" encoding="UTF-8"?>
<testng-results skipped="0" failed="0" ignored="0" total="1" passed="1">
  <reporter-output>
  </reporter-output>
  <suite name="Suite" duration-ms="3619" started-at="2022-04-12T20:48:17 IST" finished-at="2022-04-12T20:48:20 IST">
    <groups>
    </groups>
    <test name="Test" duration-ms="3619" started-at="2022-04-12T20:48:17 IST" finished-at="2022-04-12T20:48:20 IST">
      <class name="tpack.ClassOne">
        <test-method status="PASS" signature="add()[pri:0, instance:tpack.ClassOne@cb51256]" name="add" duration-ms="3594" started-at="2022-04-12T20:48:17 IST" finished-at="2022-04-12T20:48:20 IST">
          <reporter-output>
          </reporter-output>
        </test-method> <!-- add -->
      </class> <!-- tpack.ClassOne -->
    </test> <!-- Test -->
  </suite> <!-- Suite -->
</testng-results>
